<?xml version="1.0" encoding="UTF-8"?>
<!-- Generated by org.testng.reporters.JUnitXMLReporter -->
<testsuite hostname="DESKTOP-JNH96DL" ignored="0" name="BankingApp Test" tests="4" failures="2" timestamp="09 Feb 2019 04:20:08 GMT" time="41.298" errors="0">
  <testcase name="loginDDt" time="7.848" classname="com.inetBanking.testCases.TC_LoginDDT_002"/>
  <testcase name="loginDDt" time="4.039" classname="com.inetBanking.testCases.TC_LoginDDT_002">
    <failure type="junit.framework.AssertionFailedError">
      <![CDATA[junit.framework.AssertionFailedError
at junit.framework.Assert.fail(Assert.java:47)
at junit.framework.Assert.assertTrue(Assert.java:20)
at junit.framework.Assert.assertTrue(Assert.java:27)
at com.inetBanking.testCases.TC_LoginDDT_002.loginDDt(TC_LoginDDT_002.java:30)
... Removed 25 stack frames]]>
    </failure>
  </testcase> <!-- loginDDt -->
  <testcase name="loginDDt" time="3.942" classname="com.inetBanking.testCases.TC_LoginDDT_002">
    <failure type="junit.framework.AssertionFailedError">
      <![CDATA[junit.framework.AssertionFailedError
at junit.framework.Assert.fail(Assert.java:47)
at junit.framework.Assert.assertTrue(Assert.java:20)
at junit.framework.Assert.assertTrue(Assert.java:27)
at com.inetBanking.testCases.TC_LoginDDT_002.loginDDt(TC_LoginDDT_002.java:30)
... Removed 25 stack frames]]>
    </failure>
  </testcase> <!-- loginDDt -->
  <testcase name="loginDDt" time="7.732" classname="com.inetBanking.testCases.TC_LoginDDT_002"/>
</testsuite> <!-- BankingApp Test -->
